-------------------------------------------------------------------------------
Test set: org.acme.GreetingResourceTest
-------------------------------------------------------------------------------
Tests run: 1, Failures: 0, Errors: 1, Skipped: 0, Time elapsed: 11.00 s <<< FAILURE! -- in org.acme.GreetingResourceTest
org.acme.GreetingResourceTest.testHelloEndpoint -- Time elapsed: 0.002 s <<< ERROR!
java.lang.RuntimeException: java.lang.RuntimeException: Failed to start quarkus
	at io.quarkus.test.junit.QuarkusTestExtension.throwBootFailureException(QuarkusTestExtension.java:667)
	at io.quarkus.test.junit.QuarkusTestExtension.interceptTestClassConstructor(QuarkusTestExtension.java:762)
	at java.base/java.util.Optional.orElseGet(Optional.java:364)
	at java.base/java.util.ArrayList.forEach(ArrayList.java:1596)
	at java.base/java.util.ArrayList.forEach(ArrayList.java:1596)
Caused by: java.lang.RuntimeException: Failed to start quarkus
	at io.quarkus.runner.ApplicationImpl.doStart(Unknown Source)
	at io.quarkus.runtime.Application.start(Application.java:101)
	at java.base/java.lang.reflect.Method.invoke(Method.java:580)
	at io.quarkus.runner.bootstrap.StartupActionImpl.run(StartupActionImpl.java:310)
	at io.quarkus.test.junit.QuarkusTestExtension.doJavaStart(QuarkusTestExtension.java:232)
	at io.quarkus.test.junit.QuarkusTestExtension.ensureStarted(QuarkusTestExtension.java:641)
	at io.quarkus.test.junit.QuarkusTestExtension.beforeAll(QuarkusTestExtension.java:686)
	... 1 more
Caused by: jakarta.persistence.PersistenceException: [PersistenceUnit: <default>] Unable to build Hibernate SessionFactory
	at io.quarkus.hibernate.orm.runtime.boot.FastBootEntityManagerFactoryBuilder.persistenceException(FastBootEntityManagerFactoryBuilder.java:123)
	at io.quarkus.hibernate.orm.runtime.boot.FastBootEntityManagerFactoryBuilder.build(FastBootEntityManagerFactoryBuilder.java:90)
	at io.quarkus.hibernate.orm.runtime.FastBootHibernatePersistenceProvider.createEntityManagerFactory(FastBootHibernatePersistenceProvider.java:72)
	at jakarta.persistence.Persistence.createEntityManagerFactory(Persistence.java:80)
	at jakarta.persistence.Persistence.createEntityManagerFactory(Persistence.java:55)
	at io.quarkus.hibernate.orm.runtime.JPAConfig$LazyPersistenceUnit.get(JPAConfig.java:163)
	at io.quarkus.hibernate.orm.runtime.JPAConfig$1.run(JPAConfig.java:63)
	at java.base/java.lang.Thread.run(Thread.java:1583)
Caused by: org.hibernate.exception.GenericJDBCException: Unable to open JDBC Connection for DDL execution [Acquisition timeout while waiting for new connection] [n/a]
	at org.hibernate.exception.internal.StandardSQLExceptionConverter.convert(StandardSQLExceptionConverter.java:63)
	at org.hibernate.engine.jdbc.spi.SqlExceptionHelper.convert(SqlExceptionHelper.java:108)
	at org.hibernate.engine.jdbc.spi.SqlExceptionHelper.convert(SqlExceptionHelper.java:94)
	at org.hibernate.resource.transaction.backend.jta.internal.DdlTransactionIsolatorJtaImpl.getIsolatedConnection(DdlTransactionIsolatorJtaImpl.java:77)
	at org.hibernate.resource.transaction.backend.jta.internal.DdlTransactionIsolatorJtaImpl.getIsolatedConnection(DdlTransactionIsolatorJtaImpl.java:67)
	at org.hibernate.tool.schema.internal.exec.ImprovedExtractionContextImpl.getJdbcConnection(ImprovedExtractionContextImpl.java:63)
	at org.hibernate.tool.schema.internal.exec.ImprovedExtractionContextImpl.getJdbcDatabaseMetaData(ImprovedExtractionContextImpl.java:70)
	at org.hibernate.tool.schema.extract.internal.InformationExtractorJdbcDatabaseMetaDataImpl.processTableResultSet(InformationExtractorJdbcDatabaseMetaDataImpl.java:65)
	at org.hibernate.tool.schema.extract.internal.AbstractInformationExtractorImpl.getTables(AbstractInformationExtractorImpl.java:570)
	at org.hibernate.tool.schema.extract.internal.DatabaseInformationImpl.getTablesInformation(DatabaseInformationImpl.java:122)
	at org.hibernate.tool.schema.internal.GroupedSchemaMigratorImpl.performTablesMigration(GroupedSchemaMigratorImpl.java:72)
	at org.hibernate.tool.schema.internal.AbstractSchemaMigrator.performMigration(AbstractSchemaMigrator.java:233)
	at org.hibernate.tool.schema.internal.AbstractSchemaMigrator.doMigration(AbstractSchemaMigrator.java:112)
	at org.hibernate.tool.schema.spi.SchemaManagementToolCoordinator.performDatabaseAction(SchemaManagementToolCoordinator.java:280)
	at org.hibernate.tool.schema.spi.SchemaManagementToolCoordinator.lambda$process$5(SchemaManagementToolCoordinator.java:144)
	at java.base/java.util.HashMap.forEach(HashMap.java:1429)
	at org.hibernate.tool.schema.spi.SchemaManagementToolCoordinator.process(SchemaManagementToolCoordinator.java:141)
	at io.quarkus.hibernate.orm.runtime.observers.SessionFactoryObserverForSchemaExport.sessionFactoryCreated(SessionFactoryObserverForSchemaExport.java:21)
	at org.hibernate.internal.SessionFactoryObserverChain.sessionFactoryCreated(SessionFactoryObserverChain.java:35)
	at org.hibernate.internal.SessionFactoryImpl.<init>(SessionFactoryImpl.java:324)
	at io.quarkus.hibernate.orm.runtime.boot.FastBootEntityManagerFactoryBuilder.build(FastBootEntityManagerFactoryBuilder.java:88)
	... 6 more
Caused by: java.sql.SQLException: Acquisition timeout while waiting for new connection
	at io.agroal.pool.ConnectionPool.handlerFromSharedCache(ConnectionPool.java:367)
	at io.agroal.pool.ConnectionPool.getConnection(ConnectionPool.java:293)
	at io.agroal.pool.DataSource.getConnection(DataSource.java:86)
	at io.quarkus.hibernate.orm.runtime.customized.QuarkusConnectionProvider.getConnection(QuarkusConnectionProvider.java:27)
	at org.hibernate.engine.jdbc.env.internal.JdbcEnvironmentInitiator$ConnectionProviderJdbcConnectionAccess.obtainConnection(JdbcEnvironmentInitiator.java:483)
	at org.hibernate.resource.transaction.backend.jta.internal.DdlTransactionIsolatorJtaImpl.getIsolatedConnection(DdlTransactionIsolatorJtaImpl.java:74)
	... 23 more
Caused by: java.util.concurrent.TimeoutException
	at java.base/java.util.concurrent.FutureTask.get(FutureTask.java:204)
	at io.agroal.pool.ConnectionPool.handlerFromSharedCache(ConnectionPool.java:344)
	... 28 more

